#
# A fatal error has been detected by the Java Runtime Environment:
#
#  Internal Error (javaClasses.cpp:129), pid=4376, tid=3340
#  fatal error: Invalid layout of preloaded class
#
# JRE version: 7.0_10-b18
# Java VM: Java HotSpot(TM) 64-Bit Server VM (23.6-b04 mixed mode windows-amd64 compressed oops)
# Failed to write core dump. Minidumps are not enabled by default on client versions of Windows
#
# If you would like to submit a bug report, please visit:
#   http://bugreport.sun.com/bugreport/crash.jsp
#

---------------  T H R E A D  ---------------

Current thread (0x000000000033c800):  JavaThread "Unknown thread" [_thread_in_vm, id=3340, stack(0x00000000021c0000,0x00000000022c0000)]

Stack: [0x00000000021c0000,0x00000000022c0000]

---------------  P R O C E S S  ---------------

Java Threads: ( => current thread )

Other Threads:

=>0x000000000033c800 (exited) JavaThread "Unknown thread" [_thread_in_vm, id=3340, stack(0x00000000021c0000,0x00000000022c0000)]

VM state:not at safepoint (not fully initialized)

VM Mutex/Monitor currently owned by a thread: None

GC Heap History (0 events):
No events

Deoptimization events (0 events):
No events

Internal exceptions (0 events):
No events

Events (10 events):
Event: 0.012 loading class 0x0000000001f53ab0 done
Event: 0.012 loading class 0x0000000001f12110 done
Event: 0.012 loading class 0x0000000001f120e0
Event: 0.012 loading class 0x0000000001fa2410
Event: 0.012 loading class 0x0000000001fa2410 done
Event: 0.012 loading class 0x0000000001fa2450
Event: 0.013 loading class 0x0000000001fa2450 done
Event: 0.013 loading class 0x00000000084ef9a0
Event: 0.013 loading class 0x00000000084ef9a0 done
Event: 0.013 loading class 0x0000000001f120e0 done


Dynamic libraries:
0x000000013f4b0000 - 0x000000013f4e3000 	C:\Program Files\Java\jre7\bin\javaw.exe
0x0000000077a70000 - 0x0000000077c19000 	C:\Windows\SYSTEM32\ntdll.dll
0x0000000077950000 - 0x0000000077a6f000 	C:\Windows\system32\kernel32.dll
0x000007fefd920000 - 0x000007fefd98b000 	C:\Windows\system32\KERNELBASE.dll
0x000007feff9b0000 - 0x000007feffa8b000 	C:\Windows\system32\ADVAPI32.dll
0x000007feff840000 - 0x000007feff8df000 	C:\Windows\system32\msvcrt.dll
0x000007feff370000 - 0x000007feff38f000 	C:\Windows\SYSTEM32\sechost.dll
0x000007feff500000 - 0x000007feff62d000 	C:\Windows\system32\RPCRT4.dll
0x0000000077850000 - 0x000000007794a000 	C:\Windows\system32\USER32.dll
0x000007feffb40000 - 0x000007feffba7000 	C:\Windows\system32\GDI32.dll
0x000007feffb30000 - 0x000007feffb3e000 	C:\Windows\system32\LPK.dll
0x000007feff8e0000 - 0x000007feff9a9000 	C:\Windows\system32\USP10.dll
0x000007fefc320000 - 0x000007fefc514000 	C:\Windows\WinSxS\amd64_microsoft.windows.common-controls_6595b64144ccf1df_6.0.7601.17514_none_fa396087175ac9ac\COMCTL32.dll
0x000007feff390000 - 0x000007feff401000 	C:\Windows\system32\SHLWAPI.dll
0x000007feff110000 - 0x000007feff13e000 	C:\Windows\system32\IMM32.DLL
0x000007feff140000 - 0x000007feff249000 	C:\Windows\system32\MSCTF.dll
0x0000000061cb0000 - 0x0000000061d81000 	C:\Program Files\Java\jre7\bin\msvcr100.dll
0x0000000054860000 - 0x0000000054f7f000 	C:\Program Files\Java\jre7\bin\server\jvm.dll
0x000007fefaf60000 - 0x000007fefaf69000 	C:\Windows\system32\WSOCK32.dll
0x000007feffd30000 - 0x000007feffd7d000 	C:\Windows\system32\WS2_32.dll
0x000007feff4f0000 - 0x000007feff4f8000 	C:\Windows\system32\NSI.dll
0x000007fefb870000 - 0x000007fefb8ab000 	C:\Windows\system32\WINMM.dll
0x0000000077c40000 - 0x0000000077c47000 	C:\Windows\system32\PSAPI.DLL
0x00000000724b0000 - 0x00000000724bf000 	C:\Program Files\Java\jre7\bin\verify.dll
0x0000000072470000 - 0x0000000072498000 	C:\Program Files\Java\jre7\bin\java.dll
0x0000000072450000 - 0x0000000072465000 	C:\Program Files\Java\jre7\bin\zip.dll

VM Arguments:
jvm_args: -Dfile.encoding=GBK -Xbootclasspath:C:\Users\zsljulius\Downloads\adt-bundle-windows-x86_64-20130219\sdk\platforms\android-17\android.jar 
java_command: com.example.calibration.FeatureTester
Launcher Type: SUN_STANDARD

Environment Variables:
PATH=C:\Windows\system32;C:\Windows;C:\Windows\System32\Wbem;C:\Windows\System32\WindowsPowerShell\v1.0\;C:\Program Files\Calibre2\;C:\Program Files (x86)\SSH Communications Security\SSH Secure Shell
USERNAME=zsljulius
OS=Windows_NT
PROCESSOR_IDENTIFIER=Intel64 Family 6 Model 37 Stepping 5, GenuineIntel



---------------  S Y S T E M  ---------------

OS: Windows 7 , 64 bit Build 7601 Service Pack 1

CPU:total 4 (2 cores per cpu, 2 threads per core) family 6 model 37 stepping 5, cmov, cx8, fxsr, mmx, sse, sse2, sse3, ssse3, sse4.1, sse4.2, popcnt, ht, tsc, tscinvbit

Memory: 4k page, physical 3854848k(966600k free), swap 7707840k(3878000k free)

vm_info: Java HotSpot(TM) 64-Bit Server VM (23.6-b04) for windows-amd64 JRE (1.7.0_10-b18), built on Nov 28 2012 05:00:40 by "java_re" with unknown MS VC++:1600

time: Sun Mar 03 14:06:44 2013
elapsed time: 0 seconds

